Traceback (most recent call last):
  File "D:\Penyimpanan Utama\Documents\01_Kuliah\Semester_5\Proyek_Sains_Data\Jupyter_Book\jb-psd\.venv\Lib\site-packages\jupyter_cache\executors\utils.py", line 58, in single_nb_execution
    executenb(
  File "D:\Penyimpanan Utama\Documents\01_Kuliah\Semester_5\Proyek_Sains_Data\Jupyter_Book\jb-psd\.venv\Lib\site-packages\nbclient\client.py", line 1319, in execute
    return NotebookClient(nb=nb, resources=resources, km=km, **kwargs).execute()
           ^^^^^^^^^^^^^^^^^^^^^^^^^^^^^^^^^^^^^^^^^^^^^^^^^^^^^^^^^^^^^^^^^^^^^
  File "D:\Penyimpanan Utama\Documents\01_Kuliah\Semester_5\Proyek_Sains_Data\Jupyter_Book\jb-psd\.venv\Lib\site-packages\jupyter_core\utils\__init__.py", line 165, in wrapped
    return loop.run_until_complete(inner)
           ^^^^^^^^^^^^^^^^^^^^^^^^^^^^^^
  File "C:\Users\Muhammad Junaidi\AppData\Local\Programs\Python\Python311\Lib\asyncio\base_events.py", line 654, in run_until_complete
    return future.result()
           ^^^^^^^^^^^^^^^
  File "D:\Penyimpanan Utama\Documents\01_Kuliah\Semester_5\Proyek_Sains_Data\Jupyter_Book\jb-psd\.venv\Lib\site-packages\nbclient\client.py", line 709, in async_execute
    await self.async_execute_cell(
  File "D:\Penyimpanan Utama\Documents\01_Kuliah\Semester_5\Proyek_Sains_Data\Jupyter_Book\jb-psd\.venv\Lib\site-packages\nbclient\client.py", line 1062, in async_execute_cell
    await self._check_raise_for_error(cell, cell_index, exec_reply)
  File "D:\Penyimpanan Utama\Documents\01_Kuliah\Semester_5\Proyek_Sains_Data\Jupyter_Book\jb-psd\.venv\Lib\site-packages\nbclient\client.py", line 918, in _check_raise_for_error
    raise CellExecutionError.from_cell_and_msg(cell, exec_reply_content)
nbclient.exceptions.CellExecutionError: An error occurred while executing the following cell:
------------------
import os
import glob
import numpy as np
import matplotlib.pyplot as plt
import pandas as pd
from scipy.spatial.distance import euclidean
import librosa
import librosa.display
from fastdtw import fastdtw
------------------


[31m---------------------------------------------------------------------------[39m
[31mModuleNotFoundError[39m                       Traceback (most recent call last)
[36mCell[39m[36m [39m[32mIn[1][39m[32m, line 7[39m
[32m      5[39m [38;5;28;01mimport[39;00m[38;5;250m [39m[34;01mpandas[39;00m[38;5;250m [39m[38;5;28;01mas[39;00m[38;5;250m [39m[34;01mpd[39;00m
[32m      6[39m [38;5;28;01mfrom[39;00m[38;5;250m [39m[34;01mscipy[39;00m[34;01m.[39;00m[34;01mspatial[39;00m[34;01m.[39;00m[34;01mdistance[39;00m[38;5;250m [39m[38;5;28;01mimport[39;00m euclidean
[32m----> [39m[32m7[39m [38;5;28;01mimport[39;00m[38;5;250m [39m[34;01mlibrosa[39;00m
[32m      8[39m [38;5;28;01mimport[39;00m[38;5;250m [39m[34;01mlibrosa[39;00m[34;01m.[39;00m[34;01mdisplay[39;00m
[32m      9[39m [38;5;28;01mfrom[39;00m[38;5;250m [39m[34;01mfastdtw[39;00m[38;5;250m [39m[38;5;28;01mimport[39;00m fastdtw

[31mModuleNotFoundError[39m: No module named 'librosa'

